\BOOKMARK [1][-]{section.1}{Introduction}{}% 1
\BOOKMARK [2][-]{subsection.1.1}{Introduction}{section.1}% 2
\BOOKMARK [2][-]{subsection.1.2}{Gambling}{section.1}% 3
\BOOKMARK [2][-]{subsection.1.3}{History of Probability}{section.1}% 4
\BOOKMARK [2][-]{subsection.1.4}{Equally Likely Outcomes}{section.1}% 5
\BOOKMARK [2][-]{subsection.1.5}{Basic Concepts}{section.1}% 6
\BOOKMARK [2][-]{subsection.1.6}{Problems}{section.1}% 7
\BOOKMARK [1][-]{section.2}{Combinatorial Analysis}{}% 8
\BOOKMARK [2][-]{subsection.2.1}{Introduction}{section.2}% 9
\BOOKMARK [2][-]{subsection.2.2}{The Basic Principle of Counting}{section.2}% 10
\BOOKMARK [2][-]{subsection.2.3}{Permutations}{section.2}% 11
\BOOKMARK [2][-]{subsection.2.4}{Combinations}{section.2}% 12
\BOOKMARK [2][-]{subsection.2.5}{Multinomial Coefficients}{section.2}% 13
\BOOKMARK [2][-]{subsection.2.6}{Problems}{section.2}% 14
\BOOKMARK [1][-]{section.3}{Axioms of Probability}{}% 15
\BOOKMARK [2][-]{subsection.3.1}{Sample Space and Events and Axioms of Probability}{section.3}% 16
\BOOKMARK [2][-]{subsection.3.2}{Some Simple Properties}{section.3}% 17
\BOOKMARK [2][-]{subsection.3.3}{Problems}{section.3}% 18
\BOOKMARK [1][-]{section.4}{Conditional Probability and Independence}{}% 19
\BOOKMARK [2][-]{subsection.4.1}{Introduction}{section.4}% 20
\BOOKMARK [2][-]{subsection.4.2}{Conditional Probabilities}{section.4}% 21
\BOOKMARK [2][-]{subsection.4.3}{Bayes' Formula}{section.4}% 22
\BOOKMARK [2][-]{subsection.4.4}{Independent Events}{section.4}% 23
\BOOKMARK [2][-]{subsection.4.5}{Bernoulli trials}{section.4}% 24
\BOOKMARK [2][-]{subsection.4.6}{Problems}{section.4}% 25
\BOOKMARK [1][-]{section.5}{Discrete Random Variables}{}% 26
\BOOKMARK [2][-]{subsection.5.1}{Random Variables}{section.5}% 27
\BOOKMARK [2][-]{subsection.5.2}{Discrete Random Variables}{section.5}% 28
\BOOKMARK [2][-]{subsection.5.3}{Expectations and Uniform Discrete Random Variable}{section.5}% 29
\BOOKMARK [2][-]{subsection.5.4}{Bernoulli Random Variable and Binomial Random Variable}{section.5}% 30
\BOOKMARK [2][-]{subsection.5.5}{Poisson Random Variable}{section.5}% 31
\BOOKMARK [2][-]{subsection.5.6}{Geometric Random Variables}{section.5}% 32
\BOOKMARK [2][-]{subsection.5.7}{Problems}{section.5}% 33
\BOOKMARK [1][-]{section.6}{Continuous Random Variables}{}% 34
\BOOKMARK [2][-]{subsection.6.1}{Continuous Random Variables}{section.6}% 35
\BOOKMARK [2][-]{subsection.6.2}{Uniform Random Variable}{section.6}% 36
\BOOKMARK [2][-]{subsection.6.3}{Exponential Random Variable}{section.6}% 37
\BOOKMARK [2][-]{subsection.6.4}{Normal Random Variable}{section.6}% 38
\BOOKMARK [2][-]{subsection.6.5}{Exercises for Chapter 6}{section.6}% 39
\BOOKMARK [1][-]{section.7}{Joint Distributions and Independence}{}% 40
\BOOKMARK [2][-]{subsection.7.1}{Discrete Case}{section.7}% 41
\BOOKMARK [2][-]{subsection.7.2}{Continuous Case}{section.7}% 42
\BOOKMARK [2][-]{subsection.7.3}{Conditional Distributions}{section.7}% 43
\BOOKMARK [1][-]{section.8}{Properties of Expectation and Variance}{}% 44
\BOOKMARK [2][-]{subsection.8.1}{Expectations}{section.8}% 45
\BOOKMARK [2][-]{subsection.8.2}{Linearity and Monotonicity of Expectation}{section.8}% 46
